<?xml version="1.0" encoding="UTF-8"?>
<!-- Generated by org.testng.reporters.JUnitReportReporter -->
<testsuite skipped="0" hostname="user-PC" name="Test.TestLogin" tests="1" failures="0" timestamp="22 Dec 2020 03:29:43 GMT" time="6.233" errors="0">
  <testcase name="test1" time="6.233" classname="Test.TestLogin"/>
</testsuite> <!-- Test.TestLogin -->
